12:25:03: Creating resource group General
12:25:03: Creating resource group Internal
12:25:03: Creating resource group Autodetect
12:25:03: SceneManagerFactory for type 'DefaultSceneManager' registered.
12:25:03: Registering ResourceManager for type Material
12:25:03: Registering ResourceManager for type Mesh
12:25:03: Registering ResourceManager for type Mesh2
12:25:03: Registering ResourceManager for type OldSkeleton
12:25:03: MovableObjectFactory for type 'ParticleSystem' registered.
12:25:03: ArchiveFactory for archive type FileSystem registered.
12:25:03: ArchiveFactory for archive type Zip registered.
12:25:03: ArchiveFactory for archive type EmbeddedZip registered.
12:25:03: DDS codec registering
12:25:03: FreeImage version: 3.15.3
12:25:03: This program uses FreeImage, a free, open source image library supporting all common bitmap formats. See http://freeimage.sourceforge.net for details
12:25:03: Supported formats: bmp,ico,jpg,jif,jpeg,jpe,jng,koa,iff,lbm,mng,pbm,pbm,pcd,pcx,pgm,pgm,png,ppm,ppm,ras,tga,targa,tif,tiff,wap,wbmp,wbm,psd,cut,xbm,xpm,gif,hdr,g3,sgi,exr,j2k,j2c,jp2,pfm,pct,pict,pic
12:25:03: ETC codec registering
12:25:03: OITD codec registering
12:25:03: Registering ResourceManager for type HighLevelGpuProgram
12:25:03: MovableObjectFactory for type 'Entity' registered.
12:25:03: MovableObjectFactory for type 'Item' registered.
12:25:03: MovableObjectFactory for type 'Light' registered.
12:25:03: MovableObjectFactory for type 'BillboardSet' registered.
12:25:03: MovableObjectFactory for type 'ManualObject2' registered.
12:25:03: MovableObjectFactory for type 'BillboardChain' registered.
12:25:03: MovableObjectFactory for type 'RibbonTrail' registered.
12:25:03: MovableObjectFactory for type 'WireAabb' registered.
12:25:03: Loading library Plugins\RenderSystem_GL3Plus_d
12:25:03: Installing plugin: GL 3+ RenderSystem
12:25:03: OpenGL 3+ Rendering Subsystem created.
12:25:03: Plugin successfully installed
12:25:03: *-*-* OGRE Initialising
12:25:03: *-*-* Version 2.1.0unstable ('B')
12:25:04: CPU Identifier & Features
12:25:04: -------------------------
12:25:04:  *   CPU ID: GenuineIntel: Intel(R) Core(TM) i5-2500K CPU @ 3.30GHz
12:25:04:  *   Logical cores: 4
12:25:04:  *      SSE: yes
12:25:04:  *     SSE2: yes
12:25:04:  *     SSE3: yes
12:25:04:  *      MMX: yes
12:25:04:  *   MMXEXT: yes
12:25:04:  *    3DNOW: no
12:25:04:  * 3DNOWEXT: no
12:25:04:  *     CMOV: yes
12:25:04:  *      TSC: yes
12:25:04:  *      FPU: yes
12:25:04:  *      PRO: yes
12:25:04:  *       HT: no
12:25:04: -------------------------
12:25:04: *** Starting Win32GL Subsystem ***
12:25:04: GL3PlusRenderSystem::_createRenderWindow "Empty Project Sample", 1024x768 windowed  miscParams: FSAA=0 externalWindowHandle=2294702 gamma=true title=Empty Project Sample vsync=No 
12:25:04: GL_VERSION = 3.3.0.0
12:25:04: GL_VENDOR = ATI Technologies Inc.
12:25:04: GL_RENDERER = AMD Radeon HD 7800 Series
12:25:04: GL_EXTENSIONS = 
12:25:04: GL_AMDX_debug_output
12:25:04: GL_AMD_blend_minmax_factor
12:25:04: GL_AMD_conservative_depth
12:25:04: GL_AMD_debug_output
12:25:04: GL_AMD_depth_clamp_separate
12:25:04: GL_AMD_draw_buffers_blend
12:25:04: GL_AMD_framebuffer_sample_positions
12:25:04: GL_AMD_gcn_shader
12:25:04: GL_AMD_gpu_shader_int64
12:25:04: GL_AMD_interleaved_elements
12:25:04: GL_AMD_multi_draw_indirect
12:25:04: GL_AMD_name_gen_delete
12:25:04: GL_AMD_performance_monitor
12:25:04: GL_AMD_pinned_memory
12:25:04: GL_AMD_query_buffer_object
12:25:04: GL_AMD_sample_positions
12:25:04: GL_AMD_seamless_cubemap_per_texture
12:25:04: GL_AMD_shader_atomic_counter_ops
12:25:04: GL_AMD_shader_stencil_export
12:25:04: GL_AMD_shader_stencil_value_export
12:25:04: GL_AMD_shader_trace
12:25:04: GL_AMD_shader_trinary_minmax
12:25:04: GL_AMD_sparse_texture
12:25:04: GL_AMD_stencil_operation_extended
12:25:04: GL_AMD_texture_cube_map_array
12:25:04: GL_AMD_texture_texture4
12:25:04: GL_AMD_transform_feedback3_lines_triangles
12:25:04: GL_AMD_transform_feedback4
12:25:04: GL_AMD_vertex_shader_layer
12:25:04: GL_AMD_vertex_shader_viewport_index
12:25:04: GL_ARB_ES2_compatibility
12:25:04: GL_ARB_ES3_1_compatibility
12:25:04: GL_ARB_ES3_compatibility
12:25:04: GL_ARB_arrays_of_arrays
12:25:04: GL_ARB_base_instance
12:25:04: GL_ARB_bindless_texture
12:25:04: GL_ARB_blend_func_extended
12:25:04: GL_ARB_buffer_storage
12:25:04: GL_ARB_clear_buffer_object
12:25:04: GL_ARB_clear_texture
12:25:04: GL_ARB_clip_control
12:25:04: GL_ARB_color_buffer_float
12:25:04: GL_ARB_compressed_texture_pixel_storage
12:25:04: GL_ARB_compute_shader
12:25:04: GL_ARB_conditional_render_inverted
12:25:04: GL_ARB_conservative_depth
12:25:04: GL_ARB_copy_buffer
12:25:04: GL_ARB_copy_image
12:25:04: GL_ARB_cull_distance
12:25:04: GL_ARB_debug_output
12:25:04: GL_ARB_depth_buffer_float
12:25:04: GL_ARB_depth_clamp
12:25:04: GL_ARB_depth_texture
12:25:04: GL_ARB_derivative_control
12:25:04: GL_ARB_direct_state_access
12:25:04: GL_ARB_draw_buffers
12:25:04: GL_ARB_draw_buffers_blend
12:25:04: GL_ARB_draw_elements_base_vertex
12:25:04: GL_ARB_draw_indirect
12:25:04: GL_ARB_draw_instanced
12:25:04: GL_ARB_enhanced_layouts
12:25:04: GL_ARB_explicit_attrib_location
12:25:04: GL_ARB_explicit_uniform_location
12:25:04: GL_ARB_fragment_coord_conventions
12:25:04: GL_ARB_fragment_layer_viewport
12:25:04: GL_ARB_fragment_program
12:25:04: GL_ARB_fragment_program_shadow
12:25:04: GL_ARB_fragment_shader
12:25:04: GL_ARB_framebuffer_no_attachments
12:25:04: GL_ARB_framebuffer_object
12:25:04: GL_ARB_framebuffer_sRGB
12:25:04: GL_ARB_geometry_shader4
12:25:04: GL_ARB_get_program_binary
12:25:04: GL_ARB_get_texture_sub_image
12:25:04: GL_ARB_gpu_shader5
12:25:04: GL_ARB_gpu_shader_fp64
12:25:04: GL_ARB_half_float_pixel
12:25:04: GL_ARB_half_float_vertex
12:25:04: GL_ARB_imaging
12:25:04: GL_ARB_indirect_parameters
12:25:04: GL_ARB_instanced_arrays
12:25:04: GL_ARB_internalformat_query
12:25:04: GL_ARB_internalformat_query2
12:25:04: GL_ARB_invalidate_subdata
12:25:04: GL_ARB_map_buffer_alignment
12:25:04: GL_ARB_map_buffer_range
12:25:04: GL_ARB_multi_bind
12:25:04: GL_ARB_multi_draw_indirect
12:25:04: GL_ARB_multisample
12:25:04: GL_ARB_multitexture
12:25:04: GL_ARB_occlusion_query
12:25:04: GL_ARB_occlusion_query2
12:25:04: GL_ARB_pipeline_statistics_query
12:25:04: GL_ARB_pixel_buffer_object
12:25:04: GL_ARB_point_parameters
12:25:04: GL_ARB_point_sprite
12:25:04: GL_ARB_program_interface_query
12:25:04: GL_ARB_provoking_vertex
12:25:04: GL_ARB_query_buffer_object
12:25:04: GL_ARB_robust_buffer_access_behavior
12:25:04: GL_ARB_sample_shading
12:25:04: GL_ARB_sampler_objects
12:25:04: GL_ARB_seamless_cube_map
12:25:04: GL_ARB_seamless_cubemap_per_texture
12:25:04: GL_ARB_separate_shader_objects
12:25:04: GL_ARB_shader_atomic_counters
12:25:04: GL_ARB_shader_ballot
12:25:04: GL_ARB_shader_bit_encoding
12:25:04: GL_ARB_shader_draw_parameters
12:25:04: GL_ARB_shader_group_vote
12:25:04: GL_ARB_shader_image_load_store
12:25:04: GL_ARB_shader_image_size
12:25:04: GL_ARB_shader_objects
12:25:04: GL_ARB_shader_precision
12:25:04: GL_ARB_shader_stencil_export
12:25:04: GL_ARB_shader_storage_buffer_object
12:25:04: GL_ARB_shader_subroutine
12:25:04: GL_ARB_shader_texture_image_samples
12:25:04: GL_ARB_shader_texture_lod
12:25:04: GL_ARB_shading_language_100
12:25:04: GL_ARB_shading_language_420pack
12:25:04: GL_ARB_shading_language_packing
12:25:04: GL_ARB_shadow
12:25:04: GL_ARB_shadow_ambient
12:25:04: GL_ARB_sparse_buffer
12:25:04: GL_ARB_sparse_texture
12:25:04: GL_ARB_stencil_texturing
12:25:04: GL_ARB_sync
12:25:04: GL_ARB_tessellation_shader
12:25:04: GL_ARB_texture_barrier
12:25:04: GL_ARB_texture_border_clamp
12:25:04: GL_ARB_texture_buffer_object
12:25:04: GL_ARB_texture_buffer_object_rgb32
12:25:04: GL_ARB_texture_buffer_range
12:25:04: GL_ARB_texture_compression
12:25:04: GL_ARB_texture_compression_bptc
12:25:04: GL_ARB_texture_compression_rgtc
12:25:04: GL_ARB_texture_cube_map
12:25:04: GL_ARB_texture_cube_map_array
12:25:04: GL_ARB_texture_env_add
12:25:04: GL_ARB_texture_env_combine
12:25:04: GL_ARB_texture_env_crossbar
12:25:04: GL_ARB_texture_env_dot3
12:25:04: GL_ARB_texture_float
12:25:04: GL_ARB_texture_gather
12:25:04: GL_ARB_texture_mirror_clamp_to_edge
12:25:04: GL_ARB_texture_mirrored_repeat
12:25:04: GL_ARB_texture_multisample
12:25:04: GL_ARB_texture_non_power_of_two
12:25:04: GL_ARB_texture_query_levels
12:25:04: GL_ARB_texture_query_lod
12:25:04: GL_ARB_texture_rectangle
12:25:04: GL_ARB_texture_rg
12:25:04: GL_ARB_texture_rgb10_a2ui
12:25:04: GL_ARB_texture_snorm
12:25:04: GL_ARB_texture_stencil8
12:25:04: GL_ARB_texture_storage
12:25:04: GL_ARB_texture_storage_multisample
12:25:04: GL_ARB_texture_swizzle
12:25:04: GL_ARB_texture_view
12:25:04: GL_ARB_timer_query
12:25:04: GL_ARB_transform_feedback2
12:25:04: GL_ARB_transform_feedback3
12:25:04: GL_ARB_transform_feedback_instanced
12:25:04: GL_ARB_transform_feedback_overflow_query
12:25:04: GL_ARB_transpose_matrix
12:25:04: GL_ARB_uniform_buffer_object
12:25:04: GL_ARB_vertex_array_bgra
12:25:04: GL_ARB_vertex_array_object
12:25:04: GL_ARB_vertex_attrib_64bit
12:25:04: GL_ARB_vertex_attrib_binding
12:25:04: GL_ARB_vertex_buffer_object
12:25:04: GL_ARB_vertex_program
12:25:04: GL_ARB_vertex_shader
12:25:04: GL_ARB_vertex_type_10f_11f_11f_rev
12:25:04: GL_ARB_vertex_type_2_10_10_10_rev
12:25:04: GL_ARB_viewport_array
12:25:04: GL_ARB_window_pos
12:25:04: GL_ATI_draw_buffers
12:25:04: GL_ATI_envmap_bumpmap
12:25:04: GL_ATI_fragment_shader
12:25:04: GL_ATI_separate_stencil
12:25:04: GL_ATI_texture_compression_3dc
12:25:04: GL_ATI_texture_env_combine3
12:25:04: GL_ATI_texture_float
12:25:04: GL_ATI_texture_mirror_once
12:25:04: GL_EXT_abgr
12:25:04: GL_EXT_bgra
12:25:04: GL_EXT_bindable_uniform
12:25:04: GL_EXT_blend_color
12:25:04: GL_EXT_blend_equation_separate
12:25:04: GL_EXT_blend_func_separate
12:25:04: GL_EXT_blend_minmax
12:25:04: GL_EXT_blend_subtract
12:25:04: GL_EXT_compiled_vertex_array
12:25:04: GL_EXT_copy_buffer
12:25:04: GL_EXT_copy_texture
12:25:04: GL_EXT_depth_bounds_test
12:25:04: GL_EXT_direct_state_access
12:25:04: GL_EXT_draw_buffers2
12:25:04: GL_EXT_draw_instanced
12:25:04: GL_EXT_draw_range_elements
12:25:04: GL_EXT_fog_coord
12:25:04: GL_EXT_framebuffer_blit
12:25:04: GL_EXT_framebuffer_multisample
12:25:04: GL_EXT_framebuffer_object
12:25:04: GL_EXT_framebuffer_sRGB
12:25:04: GL_EXT_geometry_shader4
12:25:04: GL_EXT_gpu_program_parameters
12:25:04: GL_EXT_gpu_shader4
12:25:04: GL_EXT_histogram
12:25:04: GL_EXT_multi_draw_arrays
12:25:04: GL_EXT_packed_depth_stencil
12:25:04: GL_EXT_packed_float
12:25:04: GL_EXT_packed_pixels
12:25:04: GL_EXT_pixel_buffer_object
12:25:04: GL_EXT_point_parameters
12:25:04: GL_EXT_polygon_offset_clamp
12:25:04: GL_EXT_provoking_vertex
12:25:04: GL_EXT_rescale_normal
12:25:04: GL_EXT_secondary_color
12:25:04: GL_EXT_separate_specular_color
12:25:04: GL_EXT_shader_image_load_store
12:25:04: GL_EXT_shader_integer_mix
12:25:04: GL_EXT_shadow_funcs
12:25:04: GL_EXT_stencil_wrap
12:25:04: GL_EXT_subtexture
12:25:04: GL_EXT_texgen_reflection
12:25:04: GL_EXT_texture3D
12:25:04: GL_EXT_texture_array
12:25:04: GL_EXT_texture_buffer_object
12:25:04: GL_EXT_texture_compression_bptc
12:25:04: GL_EXT_texture_compression_latc
12:25:04: GL_EXT_texture_compression_rgtc
12:25:04: GL_EXT_texture_compression_s3tc
12:25:04: GL_EXT_texture_cube_map
12:25:04: GL_EXT_texture_edge_clamp
12:25:04: GL_EXT_texture_env_add
12:25:04: GL_EXT_texture_env_combine
12:25:04: GL_EXT_texture_env_dot3
12:25:04: GL_EXT_texture_filter_anisotropic
12:25:04: GL_EXT_texture_integer
12:25:04: GL_EXT_texture_lod
12:25:04: GL_EXT_texture_lod_bias
12:25:04: GL_EXT_texture_mirror_clamp
12:25:04: GL_EXT_texture_object
12:25:04: GL_EXT_texture_rectangle
12:25:04: GL_EXT_texture_sRGB
12:25:04: GL_EXT_texture_sRGB_decode
12:25:04: GL_EXT_texture_shared_exponent
12:25:04: GL_EXT_texture_snorm
12:25:04: GL_EXT_texture_storage
12:25:04: GL_EXT_texture_swizzle
12:25:04: GL_EXT_timer_query
12:25:04: GL_EXT_transform_feedback
12:25:04: GL_EXT_vertex_array
12:25:04: GL_EXT_vertex_array_bgra
12:25:04: GL_EXT_vertex_attrib_64bit
12:25:04: GL_IBM_texture_mirrored_repeat
12:25:04: GL_INTEL_fragment_shader_ordering
12:25:04: GL_KHR_context_flush_control
12:25:04: GL_KHR_debug
12:25:04: GL_KHR_robust_buffer_access_behavior
12:25:04: GL_KHR_robustness
12:25:04: GL_KTX_buffer_region
12:25:04: GL_NV_blend_square
12:25:04: GL_NV_conditional_render
12:25:04: GL_NV_copy_depth_to_color
12:25:04: GL_NV_copy_image
12:25:04: GL_NV_depth_buffer_float
12:25:04: GL_NV_explicit_multisample
12:25:04: GL_NV_float_buffer
12:25:04: GL_NV_half_float
12:25:04: GL_NV_primitive_restart
12:25:04: GL_NV_texgen_reflection
12:25:04: GL_NV_texture_barrier
12:25:04: GL_OES_EGL_image
12:25:04: GL_SGIS_generate_mipmap
12:25:04: GL_SGIS_texture_edge_clamp
12:25:04: GL_SGIS_texture_lod
12:25:04: GL_SUN_multi_draw_arrays
12:25:04: GL_WIN_swap_hint
12:25:04: WGL_EXT_swap_control
12:25:04: Supported WGL extensions: WGL_ARB_extensions_string WGL_ARB_pixel_format WGL_ATI_pixel_format_float WGL_ARB_pixel_format_float WGL_ARB_multisample WGL_EXT_swap_control WGL_EXT_swap_control_tear WGL_ARB_pbuffer WGL_ARB_render_texture WGL_ARB_make_current_read WGL_EXT_extensions_string WGL_ARB_buffer_region WGL_EXT_framebuffer_sRGB WGL_ATI_render_texture_rectangle WGL_EXT_pixel_format_packed_float WGL_I3D_genlock WGL_NV_swap_group WGL_ARB_create_context WGL_AMD_gpu_association WGL_AMDX_gpu_association WGL_ARB_create_context_profile WGL_ARB_context_flush_control WGL_NV_DX_interop WGL_NV_DX_interop2 WGL_NV_float_buffer
12:25:04: **************************************
12:25:04: ***   OpenGL 3+ Renderer Started   ***
12:25:04: **************************************
12:25:04: Registering ResourceManager for type GpuProgram
12:25:04: GL3+: Using FBOs for rendering to textures
12:25:04: FBO PF_UNKNOWN depth/stencil support: D0S0 D0S1 D0S4 D0S16 D16S0 D16S1 D16S4 D16S16 D24S0 D24S1 D24S4 D24S16 D32S0 D32S1 D32S4 D32S16 D32S0 D32S1 D32S4 D32S16 Packed-D24S8 Packed-D32S8 
12:25:04: FBO PF_L8 depth/stencil support: D0S0 D0S1 D0S4 D0S16 D16S0 D16S1 D16S4 D16S16 D24S0 D24S1 D24S4 D24S16 D32S0 D32S1 D32S4 D32S16 D32S0 D32S1 D32S4 D32S16 Packed-D24S8 Packed-D32S8 
12:25:04: FBO PF_L16 depth/stencil support: D0S0 D0S1 D0S4 D0S16 D16S0 D16S1 D16S4 D16S16 D24S0 D24S1 D24S4 D24S16 D32S0 D32S1 D32S4 D32S16 D32S0 D32S1 D32S4 D32S16 Packed-D24S8 Packed-D32S8 
12:25:04: FBO PF_A8 depth/stencil support: D0S0 D0S1 D0S4 D0S16 D16S0 D16S1 D16S4 D16S16 D24S0 D24S1 D24S4 D24S16 D32S0 D32S1 D32S4 D32S16 D32S0 D32S1 D32S4 D32S16 Packed-D24S8 Packed-D32S8 
12:25:04: FBO PF_BYTE_LA depth/stencil support: D0S0 D0S1 D0S4 D0S16 D16S0 D16S1 D16S4 D16S16 D24S0 D24S1 D24S4 D24S16 D32S0 D32S1 D32S4 D32S16 D32S0 D32S1 D32S4 D32S16 Packed-D24S8 Packed-D32S8 
12:25:04: FBO PF_R5G6B5 depth/stencil support: D0S0 D0S1 D0S4 D0S16 D16S0 D16S1 D16S4 D16S16 D24S0 D24S1 D24S4 D24S16 D32S0 D32S1 D32S4 D32S16 D32S0 D32S1 D32S4 D32S16 Packed-D24S8 Packed-D32S8 
12:25:04: FBO PF_B5G6R5 depth/stencil support: D0S0 D0S1 D0S4 D0S16 D16S0 D16S1 D16S4 D16S16 D24S0 D24S1 D24S4 D24S16 D32S0 D32S1 D32S4 D32S16 D32S0 D32S1 D32S4 D32S16 Packed-D24S8 Packed-D32S8 
12:25:04: FBO PF_A4R4G4B4 depth/stencil support: D0S0 D0S1 D0S4 D0S16 D16S0 D16S1 D16S4 D16S16 D24S0 D24S1 D24S4 D24S16 D32S0 D32S1 D32S4 D32S16 D32S0 D32S1 D32S4 D32S16 Packed-D24S8 Packed-D32S8 
12:25:04: FBO PF_A1R5G5B5 depth/stencil support: D0S0 D0S1 D0S4 D0S16 D16S0 D16S1 D16S4 D16S16 D24S0 D24S1 D24S4 D24S16 D32S0 D32S1 D32S4 D32S16 D32S0 D32S1 D32S4 D32S16 Packed-D24S8 Packed-D32S8 
12:25:04: FBO PF_R8G8B8 depth/stencil support: D0S0 D0S1 D0S4 D0S16 D16S0 D16S1 D16S4 D16S16 D24S0 D24S1 D24S4 D24S16 D32S0 D32S1 D32S4 D32S16 D32S0 D32S1 D32S4 D32S16 Packed-D24S8 Packed-D32S8 
12:25:04: FBO PF_B8G8R8 depth/stencil support: D0S0 D0S1 D0S4 D0S16 D16S0 D16S1 D16S4 D16S16 D24S0 D24S1 D24S4 D24S16 D32S0 D32S1 D32S4 D32S16 D32S0 D32S1 D32S4 D32S16 Packed-D24S8 Packed-D32S8 
12:25:04: FBO PF_A8R8G8B8 depth/stencil support: D0S0 D0S1 D0S4 D0S16 D16S0 D16S1 D16S4 D16S16 D24S0 D24S1 D24S4 D24S16 D32S0 D32S1 D32S4 D32S16 D32S0 D32S1 D32S4 D32S16 Packed-D24S8 Packed-D32S8 
12:25:04: FBO PF_A8B8G8R8 depth/stencil support: D0S0 D0S1 D0S4 D0S16 D16S0 D16S1 D16S4 D16S16 D24S0 D24S1 D24S4 D24S16 D32S0 D32S1 D32S4 D32S16 D32S0 D32S1 D32S4 D32S16 Packed-D24S8 Packed-D32S8 
12:25:04: FBO PF_B8G8R8A8 depth/stencil support: D0S0 D0S1 D0S4 D0S16 D16S0 D16S1 D16S4 D16S16 D24S0 D24S1 D24S4 D24S16 D32S0 D32S1 D32S4 D32S16 D32S0 D32S1 D32S4 D32S16 Packed-D24S8 Packed-D32S8 
12:25:04: FBO PF_A2R10G10B10 depth/stencil support: D0S0 D0S1 D0S4 D0S16 D16S0 D16S1 D16S4 D16S16 D24S0 D24S1 D24S4 D24S16 D32S0 D32S1 D32S4 D32S16 D32S0 D32S1 D32S4 D32S16 Packed-D24S8 Packed-D32S8 
12:25:04: FBO PF_A2B10G10R10 depth/stencil support: D0S0 D0S1 D0S4 D0S16 D16S0 D16S1 D16S4 D16S16 D24S0 D24S1 D24S4 D24S16 D32S0 D32S1 D32S4 D32S16 D32S0 D32S1 D32S4 D32S16 Packed-D24S8 Packed-D32S8 
12:25:04: FBO PF_FLOAT16_RGB depth/stencil support: D0S0 D0S1 D0S4 D0S16 D16S0 D16S1 D16S4 D16S16 D24S0 D24S1 D24S4 D24S16 D32S0 D32S1 D32S4 D32S16 D32S0 D32S1 D32S4 D32S16 Packed-D24S8 Packed-D32S8 
12:25:04: FBO PF_FLOAT16_RGBA depth/stencil support: D0S0 D0S1 D0S4 D0S16 D16S0 D16S1 D16S4 D16S16 D24S0 D24S1 D24S4 D24S16 D32S0 D32S1 D32S4 D32S16 D32S0 D32S1 D32S4 D32S16 Packed-D24S8 Packed-D32S8 
12:25:04: FBO PF_FLOAT32_RGB depth/stencil support: D0S0 D0S1 D0S4 D0S16 D16S0 D16S1 D16S4 D16S16 D24S0 D24S1 D24S4 D24S16 D32S0 D32S1 D32S4 D32S16 D32S0 D32S1 D32S4 D32S16 Packed-D24S8 Packed-D32S8 
12:25:04: FBO PF_FLOAT32_RGBA depth/stencil support: D0S0 D0S1 D0S4 D0S16 D16S0 D16S1 D16S4 D16S16 D24S0 D24S1 D24S4 D24S16 D32S0 D32S1 D32S4 D32S16 D32S0 D32S1 D32S4 D32S16 Packed-D24S8 Packed-D32S8 
12:25:04: FBO PF_X8R8G8B8 depth/stencil support: D0S0 D0S1 D0S4 D0S16 D16S0 D16S1 D16S4 D16S16 D24S0 D24S1 D24S4 D24S16 D32S0 D32S1 D32S4 D32S16 D32S0 D32S1 D32S4 D32S16 Packed-D24S8 Packed-D32S8 
12:25:04: FBO PF_X8B8G8R8 depth/stencil support: D0S0 D0S1 D0S4 D0S16 D16S0 D16S1 D16S4 D16S16 D24S0 D24S1 D24S4 D24S16 D32S0 D32S1 D32S4 D32S16 D32S0 D32S1 D32S4 D32S16 Packed-D24S8 Packed-D32S8 
12:25:04: FBO PF_R8G8B8A8 depth/stencil support: D0S0 D0S1 D0S4 D0S16 D16S0 D16S1 D16S4 D16S16 D24S0 D24S1 D24S4 D24S16 D32S0 D32S1 D32S4 D32S16 D32S0 D32S1 D32S4 D32S16 Packed-D24S8 Packed-D32S8 
12:25:04: FBO PF_DEPTH_DEPRECATED depth/stencil support: D0S0 D0S1 D0S4 D0S16 D16S0 D16S1 D16S4 D16S16 D24S0 D24S1 D24S4 D24S16 D32S0 D32S1 D32S4 D32S16 D32S0 D32S1 D32S4 D32S16 Packed-D24S8 Packed-D32S8 
12:25:04: FBO PF_SHORT_RGBA depth/stencil support: D0S0 D0S1 D0S4 D0S16 D16S0 D16S1 D16S4 D16S16 D24S0 D24S1 D24S4 D24S16 D32S0 D32S1 D32S4 D32S16 D32S0 D32S1 D32S4 D32S16 Packed-D24S8 Packed-D32S8 
12:25:04: FBO PF_R3G3B2 depth/stencil support: D0S0 D0S1 D0S4 D0S16 D16S0 D16S1 D16S4 D16S16 D24S0 D24S1 D24S4 D24S16 D32S0 D32S1 D32S4 D32S16 D32S0 D32S1 D32S4 D32S16 Packed-D24S8 Packed-D32S8 
12:25:04: FBO PF_FLOAT16_R depth/stencil support: D0S0 D0S1 D0S4 D0S16 D16S0 D16S1 D16S4 D16S16 D24S0 D24S1 D24S4 D24S16 D32S0 D32S1 D32S4 D32S16 D32S0 D32S1 D32S4 D32S16 Packed-D24S8 Packed-D32S8 
12:25:04: FBO PF_FLOAT32_R depth/stencil support: D0S0 D0S1 D0S4 D0S16 D16S0 D16S1 D16S4 D16S16 D24S0 D24S1 D24S4 D24S16 D32S0 D32S1 D32S4 D32S16 D32S0 D32S1 D32S4 D32S16 Packed-D24S8 Packed-D32S8 
12:25:04: FBO PF_SHORT_GR depth/stencil support: D0S0 D0S1 D0S4 D0S16 D16S0 D16S1 D16S4 D16S16 D24S0 D24S1 D24S4 D24S16 D32S0 D32S1 D32S4 D32S16 D32S0 D32S1 D32S4 D32S16 Packed-D24S8 Packed-D32S8 
12:25:04: FBO PF_FLOAT16_GR depth/stencil support: D0S0 D0S1 D0S4 D0S16 D16S0 D16S1 D16S4 D16S16 D24S0 D24S1 D24S4 D24S16 D32S0 D32S1 D32S4 D32S16 D32S0 D32S1 D32S4 D32S16 Packed-D24S8 Packed-D32S8 
12:25:04: FBO PF_FLOAT32_GR depth/stencil support: D0S0 D0S1 D0S4 D0S16 D16S0 D16S1 D16S4 D16S16 D24S0 D24S1 D24S4 D24S16 D32S0 D32S1 D32S4 D32S16 D32S0 D32S1 D32S4 D32S16 Packed-D24S8 Packed-D32S8 
12:25:04: FBO PF_SHORT_RGB depth/stencil support: D0S0 D0S1 D0S4 D0S16 D16S0 D16S1 D16S4 D16S16 D24S0 D24S1 D24S4 D24S16 D32S0 D32S1 D32S4 D32S16 D32S0 D32S1 D32S4 D32S16 Packed-D24S8 Packed-D32S8 
12:25:04: FBO PF_R11G11B10_FLOAT depth/stencil support: D0S0 D0S1 D0S4 D0S16 D16S0 D16S1 D16S4 D16S16 D24S0 D24S1 D24S4 D24S16 D32S0 D32S1 D32S4 D32S16 D32S0 D32S1 D32S4 D32S16 Packed-D24S8 Packed-D32S8 
12:25:04: FBO PF_R8_UINT depth/stencil support: D0S0 D0S1 D0S4 D0S16 D16S0 D16S1 D16S4 D16S16 D24S0 D24S1 D24S4 D24S16 D32S0 D32S1 D32S4 D32S16 D32S0 D32S1 D32S4 D32S16 Packed-D24S8 Packed-D32S8 
12:25:04: FBO PF_R8G8_UINT depth/stencil support: D0S0 D0S1 D0S4 D0S16 D16S0 D16S1 D16S4 D16S16 D24S0 D24S1 D24S4 D24S16 D32S0 D32S1 D32S4 D32S16 D32S0 D32S1 D32S4 D32S16 Packed-D24S8 Packed-D32S8 
12:25:04: FBO PF_R8G8B8_UINT depth/stencil support: D0S0 D0S1 D0S4 D0S16 D16S0 D16S1 D16S4 D16S16 D24S0 D24S1 D24S4 D24S16 D32S0 D32S1 D32S4 D32S16 D32S0 D32S1 D32S4 D32S16 Packed-D24S8 Packed-D32S8 
12:25:04: FBO PF_R8G8B8A8_UINT depth/stencil support: D0S0 D0S1 D0S4 D0S16 D16S0 D16S1 D16S4 D16S16 D24S0 D24S1 D24S4 D24S16 D32S0 D32S1 D32S4 D32S16 D32S0 D32S1 D32S4 D32S16 Packed-D24S8 Packed-D32S8 
12:25:04: FBO PF_R16_UINT depth/stencil support: D0S0 D0S1 D0S4 D0S16 D16S0 D16S1 D16S4 D16S16 D24S0 D24S1 D24S4 D24S16 D32S0 D32S1 D32S4 D32S16 D32S0 D32S1 D32S4 D32S16 Packed-D24S8 Packed-D32S8 
12:25:04: FBO PF_R16G16_UINT depth/stencil support: D0S0 D0S1 D0S4 D0S16 D16S0 D16S1 D16S4 D16S16 D24S0 D24S1 D24S4 D24S16 D32S0 D32S1 D32S4 D32S16 D32S0 D32S1 D32S4 D32S16 Packed-D24S8 Packed-D32S8 
12:25:04: FBO PF_R16G16B16_UINT depth/stencil support: D0S0 D0S1 D0S4 D0S16 D16S0 D16S1 D16S4 D16S16 D24S0 D24S1 D24S4 D24S16 D32S0 D32S1 D32S4 D32S16 D32S0 D32S1 D32S4 D32S16 Packed-D24S8 Packed-D32S8 
12:25:04: FBO PF_R16G16B16A16_UINT depth/stencil support: D0S0 D0S1 D0S4 D0S16 D16S0 D16S1 D16S4 D16S16 D24S0 D24S1 D24S4 D24S16 D32S0 D32S1 D32S4 D32S16 D32S0 D32S1 D32S4 D32S16 Packed-D24S8 Packed-D32S8 
12:25:04: FBO PF_R32_UINT depth/stencil support: D0S0 D0S1 D0S4 D0S16 D16S0 D16S1 D16S4 D16S16 D24S0 D24S1 D24S4 D24S16 D32S0 D32S1 D32S4 D32S16 D32S0 D32S1 D32S4 D32S16 Packed-D24S8 Packed-D32S8 
12:25:04: FBO PF_R32G32_UINT depth/stencil support: D0S0 D0S1 D0S4 D0S16 D16S0 D16S1 D16S4 D16S16 D24S0 D24S1 D24S4 D24S16 D32S0 D32S1 D32S4 D32S16 D32S0 D32S1 D32S4 D32S16 Packed-D24S8 Packed-D32S8 
12:25:04: FBO PF_R32G32B32_UINT depth/stencil support: D0S0 D0S1 D0S4 D0S16 D16S0 D16S1 D16S4 D16S16 D24S0 D24S1 D24S4 D24S16 D32S0 D32S1 D32S4 D32S16 D32S0 D32S1 D32S4 D32S16 Packed-D24S8 Packed-D32S8 
12:25:04: FBO PF_R32G32B32A32_UINT depth/stencil support: D0S0 D0S1 D0S4 D0S16 D16S0 D16S1 D16S4 D16S16 D24S0 D24S1 D24S4 D24S16 D32S0 D32S1 D32S4 D32S16 D32S0 D32S1 D32S4 D32S16 Packed-D24S8 Packed-D32S8 
12:25:04: FBO PF_R8_SINT depth/stencil support: D0S0 D0S1 D0S4 D0S16 D16S0 D16S1 D16S4 D16S16 D24S0 D24S1 D24S4 D24S16 D32S0 D32S1 D32S4 D32S16 D32S0 D32S1 D32S4 D32S16 Packed-D24S8 Packed-D32S8 
12:25:04: FBO PF_R8G8_SINT depth/stencil support: D0S0 D0S1 D0S4 D0S16 D16S0 D16S1 D16S4 D16S16 D24S0 D24S1 D24S4 D24S16 D32S0 D32S1 D32S4 D32S16 D32S0 D32S1 D32S4 D32S16 Packed-D24S8 Packed-D32S8 
12:25:04: FBO PF_R8G8B8_SINT depth/stencil support: D0S0 D0S1 D0S4 D0S16 D16S0 D16S1 D16S4 D16S16 D24S0 D24S1 D24S4 D24S16 D32S0 D32S1 D32S4 D32S16 D32S0 D32S1 D32S4 D32S16 Packed-D24S8 Packed-D32S8 
12:25:04: FBO PF_R8G8B8A8_SINT depth/stencil support: D0S0 D0S1 D0S4 D0S16 D16S0 D16S1 D16S4 D16S16 D24S0 D24S1 D24S4 D24S16 D32S0 D32S1 D32S4 D32S16 D32S0 D32S1 D32S4 D32S16 Packed-D24S8 Packed-D32S8 
12:25:04: FBO PF_R16_SINT depth/stencil support: D0S0 D0S1 D0S4 D0S16 D16S0 D16S1 D16S4 D16S16 D24S0 D24S1 D24S4 D24S16 D32S0 D32S1 D32S4 D32S16 D32S0 D32S1 D32S4 D32S16 Packed-D24S8 Packed-D32S8 
12:25:04: FBO PF_R16G16_SINT depth/stencil support: D0S0 D0S1 D0S4 D0S16 D16S0 D16S1 D16S4 D16S16 D24S0 D24S1 D24S4 D24S16 D32S0 D32S1 D32S4 D32S16 D32S0 D32S1 D32S4 D32S16 Packed-D24S8 Packed-D32S8 
12:25:04: FBO PF_R16G16B16_SINT depth/stencil support: D0S0 D0S1 D0S4 D0S16 D16S0 D16S1 D16S4 D16S16 D24S0 D24S1 D24S4 D24S16 D32S0 D32S1 D32S4 D32S16 D32S0 D32S1 D32S4 D32S16 Packed-D24S8 Packed-D32S8 
12:25:04: FBO PF_R16G16B16A16_SINT depth/stencil support: D0S0 D0S1 D0S4 D0S16 D16S0 D16S1 D16S4 D16S16 D24S0 D24S1 D24S4 D24S16 D32S0 D32S1 D32S4 D32S16 D32S0 D32S1 D32S4 D32S16 Packed-D24S8 Packed-D32S8 
12:25:04: FBO PF_R32_SINT depth/stencil support: D0S0 D0S1 D0S4 D0S16 D16S0 D16S1 D16S4 D16S16 D24S0 D24S1 D24S4 D24S16 D32S0 D32S1 D32S4 D32S16 D32S0 D32S1 D32S4 D32S16 Packed-D24S8 Packed-D32S8 
12:25:04: FBO PF_R32G32_SINT depth/stencil support: D0S0 D0S1 D0S4 D0S16 D16S0 D16S1 D16S4 D16S16 D24S0 D24S1 D24S4 D24S16 D32S0 D32S1 D32S4 D32S16 D32S0 D32S1 D32S4 D32S16 Packed-D24S8 Packed-D32S8 
12:25:04: FBO PF_R32G32B32_SINT depth/stencil support: D0S0 D0S1 D0S4 D0S16 D16S0 D16S1 D16S4 D16S16 D24S0 D24S1 D24S4 D24S16 D32S0 D32S1 D32S4 D32S16 D32S0 D32S1 D32S4 D32S16 Packed-D24S8 Packed-D32S8 
12:25:04: FBO PF_R32G32B32A32_SINT depth/stencil support: D0S0 D0S1 D0S4 D0S16 D16S0 D16S1 D16S4 D16S16 D24S0 D24S1 D24S4 D24S16 D32S0 D32S1 D32S4 D32S16 D32S0 D32S1 D32S4 D32S16 Packed-D24S8 Packed-D32S8 
12:25:04: FBO PF_RG8 depth/stencil support: D0S0 D0S1 D0S4 D0S16 D16S0 D16S1 D16S4 D16S16 D24S0 D24S1 D24S4 D24S16 D32S0 D32S1 D32S4 D32S16 D32S0 D32S1 D32S4 D32S16 Packed-D24S8 Packed-D32S8 
12:25:04: FBO PF_R8_SNORM depth/stencil support: D0S0 D0S1 D0S4 D0S16 D16S0 D16S1 D16S4 D16S16 D24S0 D24S1 D24S4 D24S16 D32S0 D32S1 D32S4 D32S16 D32S0 D32S1 D32S4 D32S16 Packed-D24S8 Packed-D32S8 
12:25:04: FBO PF_R8G8_SNORM depth/stencil support: D0S0 D0S1 D0S4 D0S16 D16S0 D16S1 D16S4 D16S16 D24S0 D24S1 D24S4 D24S16 D32S0 D32S1 D32S4 D32S16 D32S0 D32S1 D32S4 D32S16 Packed-D24S8 Packed-D32S8 
12:25:04: FBO PF_R8G8B8_SNORM depth/stencil support: D0S0 D0S1 D0S4 D0S16 D16S0 D16S1 D16S4 D16S16 D24S0 D24S1 D24S4 D24S16 D32S0 D32S1 D32S4 D32S16 D32S0 D32S1 D32S4 D32S16 Packed-D24S8 Packed-D32S8 
12:25:04: FBO PF_R8G8B8A8_SNORM depth/stencil support: D0S0 D0S1 D0S4 D0S16 D16S0 D16S1 D16S4 D16S16 D24S0 D24S1 D24S4 D24S16 D32S0 D32S1 D32S4 D32S16 D32S0 D32S1 D32S4 D32S16 Packed-D24S8 Packed-D32S8 
12:25:04: FBO PF_R16_SNORM depth/stencil support: D0S0 D0S1 D0S4 D0S16 D16S0 D16S1 D16S4 D16S16 D24S0 D24S1 D24S4 D24S16 D32S0 D32S1 D32S4 D32S16 D32S0 D32S1 D32S4 D32S16 Packed-D24S8 Packed-D32S8 
12:25:04: FBO PF_R16G16_SNORM depth/stencil support: D0S0 D0S1 D0S4 D0S16 D16S0 D16S1 D16S4 D16S16 D24S0 D24S1 D24S4 D24S16 D32S0 D32S1 D32S4 D32S16 D32S0 D32S1 D32S4 D32S16 Packed-D24S8 Packed-D32S8 
12:25:04: FBO PF_R16G16B16_SNORM depth/stencil support: D0S0 D0S1 D0S4 D0S16 D16S0 D16S1 D16S4 D16S16 D24S0 D24S1 D24S4 D24S16 D32S0 D32S1 D32S4 D32S16 D32S0 D32S1 D32S4 D32S16 Packed-D24S8 Packed-D32S8 
12:25:04: FBO PF_R16G16B16A16_SNORM depth/stencil support: D0S0 D0S1 D0S4 D0S16 D16S0 D16S1 D16S4 D16S16 D24S0 D24S1 D24S4 D24S16 D32S0 D32S1 D32S4 D32S16 D32S0 D32S1 D32S4 D32S16 Packed-D24S8 Packed-D32S8 
12:25:04: FBO PF_D24_UNORM_S8_UINT depth/stencil support: D0S0 D0S1 D0S4 D0S16 D16S0 D16S1 D16S4 D16S16 D24S0 D24S1 D24S4 D24S16 D32S0 D32S1 D32S4 D32S16 D32S0 D32S1 D32S4 D32S16 Packed-D24S8 Packed-D32S8 
12:25:04: FBO PF_D24_UNORM_X8 depth/stencil support: D0S0 D0S1 D0S4 D0S16 D16S0 D16S1 D16S4 D16S16 D24S0 D24S1 D24S4 D24S16 D32S0 D32S1 D32S4 D32S16 D32S0 D32S1 D32S4 D32S16 Packed-D24S8 Packed-D32S8 
12:25:04: FBO PF_X24_S8_UINT depth/stencil support: D0S0 D0S1 D0S4 D0S16 D16S0 D16S1 D16S4 D16S16 D24S0 D24S1 D24S4 D24S16 D32S0 D32S1 D32S4 D32S16 D32S0 D32S1 D32S4 D32S16 Packed-D24S8 Packed-D32S8 
12:25:04: FBO PF_D24_UNORM depth/stencil support: D0S0 D0S1 D0S4 D0S16 D16S0 D16S1 D16S4 D16S16 D24S0 D24S1 D24S4 D24S16 D32S0 D32S1 D32S4 D32S16 D32S0 D32S1 D32S4 D32S16 Packed-D24S8 Packed-D32S8 
12:25:04: FBO PF_D16_UNORM depth/stencil support: D0S0 D0S1 D0S4 D0S16 D16S0 D16S1 D16S4 D16S16 D24S0 D24S1 D24S4 D24S16 D32S0 D32S1 D32S4 D32S16 D32S0 D32S1 D32S4 D32S16 Packed-D24S8 Packed-D32S8 
12:25:04: FBO PF_D32_FLOAT depth/stencil support: D0S0 D0S1 D0S4 D0S16 D16S0 D16S1 D16S4 D16S16 D24S0 D24S1 D24S4 D24S16 D32S0 D32S1 D32S4 D32S16 D32S0 D32S1 D32S4 D32S16 Packed-D24S8 Packed-D32S8 
12:25:04: FBO PF_D32_FLOAT_X24_S8_UINT depth/stencil support: D0S0 D0S1 D0S4 D0S16 D16S0 D16S1 D16S4 D16S16 D24S0 D24S1 D24S4 D24S16 D32S0 D32S1 D32S4 D32S16 D32S0 D32S1 D32S4 D32S16 Packed-D24S8 Packed-D32S8 
12:25:04: FBO PF_D32_FLOAT_X24_X8 depth/stencil support: D0S0 D0S1 D0S4 D0S16 D16S0 D16S1 D16S4 D16S16 D24S0 D24S1 D24S4 D24S16 D32S0 D32S1 D32S4 D32S16 D32S0 D32S1 D32S4 D32S16 Packed-D24S8 Packed-D32S8 
12:25:04: FBO PF_X32_X24_S8_UINT depth/stencil support: D0S0 D0S1 D0S4 D0S16 D16S0 D16S1 D16S4 D16S16 D24S0 D24S1 D24S4 D24S16 D32S0 D32S1 D32S4 D32S16 D32S0 D32S1 D32S4 D32S16 Packed-D24S8 Packed-D32S8 
12:25:04: [GL] : Valid FBO targets PF_UNKNOWN PF_L8 PF_L16 PF_A8 PF_BYTE_LA PF_R5G6B5 PF_B5G6R5 PF_A4R4G4B4 PF_A1R5G5B5 PF_R8G8B8 PF_B8G8R8 PF_A8R8G8B8 PF_A8B8G8R8 PF_B8G8R8A8 PF_A2R10G10B10 PF_A2B10G10R10 PF_FLOAT16_RGB PF_FLOAT16_RGBA PF_FLOAT32_RGB PF_FLOAT32_RGBA PF_X8R8G8B8 PF_X8B8G8R8 PF_R8G8B8A8 PF_DEPTH_DEPRECATED PF_SHORT_RGBA PF_R3G3B2 PF_FLOAT16_R PF_FLOAT32_R PF_SHORT_GR PF_FLOAT16_GR PF_FLOAT32_GR PF_SHORT_RGB PF_R11G11B10_FLOAT PF_R8_UINT PF_R8G8_UINT PF_R8G8B8_UINT PF_R8G8B8A8_UINT PF_R16_UINT PF_R16G16_UINT PF_R16G16B16_UINT PF_R16G16B16A16_UINT PF_R32_UINT PF_R32G32_UINT PF_R32G32B32_UINT PF_R32G32B32A32_UINT PF_R8_SINT PF_R8G8_SINT PF_R8G8B8_SINT PF_R8G8B8A8_SINT PF_R16_SINT PF_R16G16_SINT PF_R16G16B16_SINT PF_R16G16B16A16_SINT PF_R32_SINT PF_R32G32_SINT PF_R32G32B32_SINT PF_R32G32B32A32_SINT PF_RG8 PF_R8_SNORM PF_R8G8_SNORM PF_R8G8B8_SNORM PF_R8G8B8A8_SNORM PF_R16_SNORM PF_R16G16_SNORM PF_R16G16B16_SNORM PF_R16G16B16A16_SNORM PF_D24_UNORM_S8_UINT PF_D24_UNORM_X8 PF_X24_S8_UINT PF_D24_UNORM PF_D16_UNORM PF_D32_FLOAT PF_D32_FLOAT_X24_S8_UINT PF_D32_FLOAT_X24_X8 PF_X32_X24_S8_UINT 
12:25:04: RenderSystem capabilities
12:25:04: -------------------------
12:25:04: RenderSystem Name: OpenGL 3+ Rendering Subsystem
12:25:04: GPU Vendor: unknown
12:25:04: Device Name: AMD Radeon HD 7800 Series
12:25:04: Driver Version: 3.3.0.0
12:25:04:  * Fixed function pipeline: no
12:25:04:  * Hardware generation of mipmaps: yes
12:25:04:  * Texture blending: yes
12:25:04:  * Anisotropic texture filtering: yes
12:25:04:  * Dot product texture operation: yes
12:25:04:  * Cube mapping: yes
12:25:04:  * Hardware stencil buffer: yes
12:25:04:    - Stencil depth: 8
12:25:04:    - Two sided stencil support: yes
12:25:04:    - Wrap stencil values: yes
12:25:04:  * Hardware vertex / index buffers: yes
12:25:04:  * 32-bit index buffers: yes
12:25:04:  * Vertex programs: yes
12:25:04:  * Number of floating-point constants for vertex programs: 16384
12:25:04:  * Number of integer constants for vertex programs: 16384
12:25:04:  * Number of boolean constants for vertex programs: 16384
12:25:04:  * Fragment programs: yes
12:25:04:  * Number of floating-point constants for fragment programs: 16384
12:25:04:  * Number of integer constants for fragment programs: 16384
12:25:04:  * Number of boolean constants for fragment programs: 16384
12:25:04:  * Geometry programs: yes
12:25:04:  * Number of floating-point constants for geometry programs: 16384
12:25:04:  * Number of integer constants for geometry programs: 16384
12:25:04:  * Number of boolean constants for geometry programs: 16384
12:25:04:  * Tessellation Hull programs: yes
12:25:04:  * Number of floating-point constants for tessellation hull programs: 16384
12:25:04:  * Number of integer constants for tessellation hull programs: 16384
12:25:04:  * Number of boolean constants for tessellation hull programs: 16384
12:25:04:  * Tessellation Domain programs: yes
12:25:04:  * Number of floating-point constants for tessellation domain programs: 16384
12:25:04:  * Number of integer constants for tessellation domain programs: 16384
12:25:04:  * Number of boolean constants for tessellation domain programs: 16384
12:25:04:  * Compute programs: yes
12:25:04:  * Number of floating-point constants for compute programs: 16384
12:25:04:  * Number of integer constants for compute programs: 16384
12:25:04:  * Number of boolean constants for compute programs: 16384
12:25:04:  * Supported Shader Profiles: glsl glsl130 glsl140 glsl150 glsl330 glsl400 glsl410 glsl420 glsl430 glsl440
12:25:04:  * Texture Compression: yes
12:25:04:    - DXT: yes
12:25:04:    - VTC: no
12:25:04:    - PVRTC: no
12:25:04:    - ATC: no
12:25:04:    - ETC1: no
12:25:04:    - ETC2: yes
12:25:04:    - BC4/BC5: yes
12:25:04:    - BC6H/BC7: yes
12:25:04:    - ASTC: no
12:25:04:  * Hardware Occlusion Query: yes
12:25:04:  * User clip planes: yes
12:25:04:  * VET_UBYTE4 vertex element type: yes
12:25:04:  * Infinite far plane projection: yes
12:25:04:  * Hardware render-to-texture: yes
12:25:04:  * Floating point textures: yes
12:25:04:  * Non-power-of-two textures: yes
12:25:04:  * 1d textures: yes
12:25:04:  * Volume textures: yes
12:25:04:  * Max Texture resolution (2D) 16384
12:25:04:  * Max Texture resolution (3D) 2048
12:25:04:  * Max Texture resolution (Cubemaps) 16384
12:25:04:  * Multiple Render Targets: 8
12:25:04:    - With different bit depths: yes
12:25:04:  * Point Sprites: yes
12:25:04:  * Extended point parameters: yes
12:25:04:  * Max Point Size: 63
12:25:04:  * Vertex texture fetch: yes
12:25:04:  * Number of world matrices: 0
12:25:04:  * Number of texture units: 16
12:25:04:  * Stencil buffer depth: 8
12:25:04:  * Number of vertex blend matrices: 0
12:25:04:    - Max vertex textures: 32
12:25:04:    - Vertex textures shared: yes
12:25:04:  * Render to Vertex Buffer : yes
12:25:04:  * Hardware Atomic Counters: yes
12:25:04:  * GL 1.5 without VBO workaround: no
12:25:04:  * Frame Buffer objects: yes
12:25:04:  * Frame Buffer objects (ARB extension): no
12:25:04:  * Frame Buffer objects (ATI extension): no
12:25:04:  * PBuffer support: no
12:25:04:  * GL 1.5 without HW-occlusion workaround: no
12:25:04:  * Vertex Array Objects: yes
12:25:04:  * Separate shader objects: no
12:25:04: Registering ResourceManager for type Texture
12:25:04: Using FSAA.
12:25:04: DefaultWorkQueue('Root') initialising on thread main.
12:25:04: Particle Renderer Type 'billboard' registered
12:25:04: OverlayElementFactory for type Panel registered.
12:25:04: OverlayElementFactory for type BorderPanel registered.
12:25:04: OverlayElementFactory for type TextArea registered.
12:25:04: Registering ResourceManager for type Font
12:25:04: Creating resource group Essential
12:25:04: Added resource location '../Data/DebugPack.zip' of type 'Zip' to resource group 'Essential'
12:25:04: Creating resource group Popular
12:25:04: Added resource location '../Data' of type 'FileSystem' to resource group 'Popular'
12:25:04: Added resource location '../Data/Materials/Common' of type 'FileSystem' to resource group 'Popular'
12:25:04: Added resource location '../Data/Materials/Common/GLSL' of type 'FileSystem' to resource group 'Popular'
12:25:04: Added resource location '../Data/Materials/Common/HLSL' of type 'FileSystem' to resource group 'Popular'
12:25:04: Added resource location '../Data/Materials/Common/Metal' of type 'FileSystem' to resource group 'Popular'
12:25:04: Added resource location '../Data/scripts/Compositors' of type 'FileSystem' to resource group 'Popular'
12:25:04: Added resource location '../Data/2.0/scripts/materials/PbsMaterials' of type 'FileSystem' to resource group 'General'
12:25:04: Parsing scripts for resource group Autodetect
12:25:04: Finished parsing scripts for resource group Autodetect
12:25:04: Creating resources for group Autodetect
12:25:04: All done
12:25:04: Parsing scripts for resource group Essential
12:25:04: Parsing script Materials.material
12:25:04: Parsing script DebugFont.fontdef
12:25:04: Finished parsing scripts for resource group Essential
12:25:04: Creating resources for group Essential
12:25:04: All done
12:25:04: Parsing scripts for resource group General
12:25:04: Finished parsing scripts for resource group General
12:25:04: Creating resources for group General
12:25:04: All done
12:25:04: Parsing scripts for resource group Internal
12:25:04: Finished parsing scripts for resource group Internal
12:25:04: Creating resources for group Internal
12:25:04: All done
12:25:04: Parsing scripts for resource group Popular
12:25:04: Parsing script Quad.program
12:25:04: Parsing script Copyback.material
12:25:04: Parsing script DepthUtils.material
12:25:04: Parsing script DPSM.material
12:25:04: Parsing script EsmGaussianBlurLogFilter.material
12:25:04: Parsing script EmptyProject.compositor
12:25:04: Finished parsing scripts for resource group Popular
12:25:04: Creating resources for group Popular
12:25:04: All done
12:25:04: OGRE EXCEPTION(6:FileNotFoundException): Cannot locate resource test.scene in resource group General or any other group. in ResourceGroupManager::openResource at D:\aeon_work\bjuin\ogre3D\ogre_git\OgreMain\src\OgreResourceGroupManager.cpp (line 790)
12:25:04: WARNING: GraphicsSystem::deinitialize() not called!!!
